Begin parsing... programs/array3.cpp

Program (abstract syntax): 
  Declarations: 
    Declarations = {<num[2], int>}
  Block: 
    Assignment: 
      ArrayRef: num[0]
      ArrayRef: num[2]

Begin type checking...

Type map:
{ <num[2], int> }

Transformed Abstract Syntax Tree

Program (abstract syntax): 
  Declarations: 
    Declarations = {<num[2], int>}
  Block: 
    Assignment: 
      ArrayRef: num[0]
      ArrayRef: num[2]

Begin interpreting... programs/array3.cpp
Exception in thread "main" java.lang.IllegalArgumentException: array out of bounds
	at clite.State.get(State.java:133)
	at clite.Semantics.M(Semantics.java:111)
	at clite.Semantics.M(Semantics.java:62)
	at clite.Semantics.M(Semantics.java:44)
	at clite.Semantics.M(Semantics.java:70)
	at clite.Semantics.M(Semantics.java:14)
	at clite.Main.main(Main.java:28)
Java Result: 1
