Begin parsing... programs/array2.cpp

Program (abstract syntax): 
  Declarations: 
    Declarations = {<num[2], int>}
  Block: 
    Assignment: 
      ArrayRef: num[2]
      IntValue: 2

Begin type checking...

Type map:
{ <num[2], int> }

Transformed Abstract Syntax Tree

Program (abstract syntax): 
  Declarations: 
    Declarations = {<num[2], int>}
  Block: 
    Assignment: 
      ArrayRef: num[2]
      IntValue: 2

Begin interpreting... programs/array2.cpp
Exception in thread "main" java.lang.IllegalArgumentException: array out of bounds
	at clite.State.update(State.java:110)
	at clite.Semantics.M(Semantics.java:62)
	at clite.Semantics.M(Semantics.java:44)
	at clite.Semantics.M(Semantics.java:70)
	at clite.Semantics.M(Semantics.java:14)
	at clite.Main.main(Main.java:28)
Java Result: 1
