Begin parsing... programs/hello.cpp

Program (abstract syntax): 
  Declarations: 
    Declarations = {}
  Block: 
    Assignment: 
      Variable: i
      Unary: 
        Operator: neg
        IntValue: 5
    Assignment: 
      Variable: c
      CharValue: h
    Assignment: 
      Variable: i
      Binary: 
        Operator: +
        Variable: c
        IntValue: 3
    Assignment: 
      Variable: f
      Binary: 
        Operator: +
        Binary: 
          Operator: +
          Variable: c
          IntValue: 3
        FloatValue: 6.0

Begin interpreting... programs/hello.cpp

Final State
{ <c, h>, <f, 113.0>, <i, 107> }
