run:
Begin parsing... programs/typecheck.cpp

Program (abstract syntax): 
  Declarations: 
    Declarations = {<c, char>, <i, int>, <f, float>}
  Block: 
    Assignment: 
      Variable: f
      Binary: 
        Operator: +
        Binary: 
          Operator: +
          FloatValue: 5.0
          Variable: i
        Variable: c
    Assignment: 
      Variable: f
      Binary: 
        Operator: +
        Binary: 
          Operator: +
          FloatValue: 5.0
          Variable: c
        Variable: i

Begin type checking...

Type map:
{ <c, char>, <f, float>, <i, int> }

Transformed Abstract Syntax Tree

Program (abstract syntax): 
  Declarations: 
    Declarations = {<c, char>, <i, int>, <f, float>}
  Block: 
    Assignment: 
      Variable: f
      Binary: 
        Operator: FLOAT+
        Binary: 
          Operator: FLOAT+
          FloatValue: 5.0
          Unary: 
            Operator: I2F
            Variable: i
        Variable: c
    Assignment: 
      Variable: f
      Binary: 
        Operator: FLOAT+
        Binary: 
          Operator: FLOAT+
          FloatValue: 5.0
          Variable: c
        Unary: 
          Operator: I2F
          Variable: i
type error for FLOAT+
Java Result: 1
